<?xml version="1.0" encoding="UTF-8"?>
<Site BuildName="(empty)"
	BuildStamp="20240711-1703-Experimental"
	Name="bartek-Latitude-5480"
	Generator="ctest-3.22.1"
	CompilerName="/usr/bin/c++"
	CompilerVersion="11.4.0"
	OSName="Linux"
	Hostname="bartek-Latitude-5480"
	OSRelease="6.5.0-41-generic"
	OSVersion="#41~22.04.2-Ubuntu SMP PREEMPT_DYNAMIC Mon Jun  3 11:32:55 UTC 2"
	OSPlatform="x86_64"
	Is64Bits="1"
	VendorString="GenuineIntel"
	VendorID="Intel Corporation"
	FamilyID="6"
	ModelID="158"
	ProcessorCacheSize="8192"
	NumberOfLogicalCPU="8"
	NumberOfPhysicalCPU="4"
	TotalVirtualMemory="2047"
	TotalPhysicalMemory="15842"
	LogicalProcessorsPerPhysical="2"
	ProcessorClockFrequency="3300"
	>
	<Testing>
		<StartDateTime>Jul 11 19:03 CEST</StartDateTime>
		<StartTestTime>1720717429</StartTestTime>
		<TestList/>
		<EndDateTime>Jul 11 19:03 CEST</EndDateTime>
		<EndTestTime>1720717429</EndTestTime>
		<ElapsedMinutes>0</ElapsedMinutes>
	</Testing>
</Site>
