<?xml version="1.0" encoding="UTF-8"?>
<Site BuildName="(empty)"
	BuildStamp="20240807-1617-Experimental"
	Name="bartek-Latitude-5480"
	Generator="ctest-3.22.1"
	CompilerName="/usr/bin/c++"
	CompilerVersion="11.4.0"
	OSName="Linux"
	Hostname="bartek-Latitude-5480"
	OSRelease="6.5.0-45-generic"
	OSVersion="#45~22.04.1-Ubuntu SMP PREEMPT_DYNAMIC Mon Jul 15 16:40:02 UTC 2"
	OSPlatform="x86_64"
	Is64Bits="1"
	VendorString="GenuineIntel"
	VendorID="Intel Corporation"
	FamilyID="6"
	ModelID="158"
	ProcessorCacheSize="8192"
	NumberOfLogicalCPU="8"
	NumberOfPhysicalCPU="4"
	TotalVirtualMemory="2047"
	TotalPhysicalMemory="15842"
	LogicalProcessorsPerPhysical="2"
	ProcessorClockFrequency="2882.11"
	>
	<Testing>
		<StartDateTime>Aug 07 18:17 CEST</StartDateTime>
		<StartTestTime>1723047430</StartTestTime>
		<TestList/>
		<EndDateTime>Aug 07 18:17 CEST</EndDateTime>
		<EndTestTime>1723047430</EndTestTime>
		<ElapsedMinutes>0</ElapsedMinutes>
	</Testing>
</Site>
